#
# There is insufficient memory for the Java Runtime Environment to continue.
# Native memory allocation (malloc) failed to allocate 1638096 bytes for Chunk::new
# Possible reasons:
#   The system is out of physical RAM or swap space
#   In 32 bit mode, the process size limit was hit
# Possible solutions:
#   Reduce memory load on the system
#   Increase physical memory or swap space
#   Check if swap backing store is full
#   Use 64 bit Java on a 64 bit OS
#   Decrease Java heap size (-Xmx/-Xms)
#   Decrease number of Java threads
#   Decrease Java thread stack sizes (-Xss)
#   Set larger code cache with -XX:ReservedCodeCacheSize=
# This output file may be truncated or incomplete.
#
#  Out of Memory Error (allocation.cpp:390), pid=10648, tid=1188
#
# JRE version: Java(TM) SE Runtime Environment (8.0_20-b26) (build 1.8.0_20-b26)
# Java VM: Java HotSpot(TM) 64-Bit Server VM (25.20-b23 mixed mode windows-amd64 compressed oops)
# Failed to write core dump. Minidumps are not enabled by default on client versions of Windows
#

---------------  T H R E A D  ---------------

Current thread (0x000000001532f800):  JavaThread "C2 CompilerThread1" daemon [_thread_in_native, id=1188, stack(0x0000000016d70000,0x0000000016e70000)]

Stack: [0x0000000016d70000,0x0000000016e70000]
Native frames: (J=compiled Java code, j=interpreted, Vv=VM code, C=native code)
V  [jvm.dll+0x3152fa]


Current CompileTask:
C2:   7524 3511       4       sun.reflect.generics.parser.SignatureParser::parseFieldTypeSignature (73 bytes)


---------------  P R O C E S S  ---------------

Java Threads: ( => current thread )
  0x0000000015339000 JavaThread "Cache worker for task history cache (D:\_Project\rnProjects\testProject\android\.gradle\3.5.1\taskHistory)" [_thread_blocked, id=16360, stack(0x000000001dd10000,0x000000001de10000)]
  0x0000000015337800 JavaThread "Memory manager" [_thread_blocked, id=12304, stack(0x000000001d7d0000,0x000000001d8d0000)]
  0x000000001533a800 JavaThread "Cache worker for Artifact transforms cache (C:\Users\Rhinohorns\.gradle\caches\transforms-1)" [_thread_blocked, id=4864, stack(0x000000001d3d0000,0x000000001d4d0000)]
  0x0000000015339800 JavaThread "File lock request listener" [_thread_in_native, id=14376, stack(0x00000000197f0000,0x00000000198f0000)]
  0x0000000018052800 JavaThread "Cache worker for file hash cache (C:\Users\Rhinohorns\.gradle\caches\3.5.1\fileHashes)" [_thread_blocked, id=5868, stack(0x00000000196f0000,0x00000000197f0000)]
  0x0000000017fe3800 JavaThread "Stdin handler" [_thread_blocked, id=15068, stack(0x00000000195f0000,0x00000000196f0000)]
  0x0000000017fe3000 JavaThread "Asynchronous log dispatcher for DefaultDaemonConnection: socket connection from /127.0.0.1:7671 to /127.0.0.1:7672" [_thread_blocked, id=16188, stack(0x00000000194f0000,0x00000000195f0000)]
  0x0000000018053800 JavaThread "Daemon worker" [_thread_in_vm, id=7076, stack(0x00000000193f0000,0x00000000194f0000)]
  0x0000000017fe7000 JavaThread "Cancel handler" [_thread_blocked, id=9212, stack(0x00000000192f0000,0x00000000193f0000)]
  0x0000000017f83800 JavaThread "Handler for socket connection from /127.0.0.1:7671 to /127.0.0.1:7672" [_thread_in_native, id=17404, stack(0x0000000018ff0000,0x00000000190f0000)]
  0x0000000017f82800 JavaThread "Daemon" [_thread_blocked, id=14248, stack(0x0000000018ef0000,0x0000000018ff0000)]
  0x0000000017bf1800 JavaThread "Daemon periodic checks" [_thread_blocked, id=11636, stack(0x0000000018df0000,0x0000000018ef0000)]
  0x0000000017bdc000 JavaThread "Incoming local TCP Connector on port 7671" [_thread_in_native, id=16952, stack(0x0000000018c40000,0x0000000018d40000)]
  0x0000000017ecc000 JavaThread "Daemon health stats" [_thread_blocked, id=15092, stack(0x0000000018940000,0x0000000018a40000)]
  0x000000001536e000 JavaThread "Service Thread" daemon [_thread_blocked, id=17208, stack(0x0000000016f70000,0x0000000017070000)]
  0x0000000015336000 JavaThread "C1 CompilerThread2" daemon [_thread_in_native, id=11556, stack(0x0000000016e70000,0x0000000016f70000)]
=>0x000000001532f800 JavaThread "C2 CompilerThread1" daemon [_thread_in_native, id=1188, stack(0x0000000016d70000,0x0000000016e70000)]
  0x0000000015322000 JavaThread "C2 CompilerThread0" daemon [_thread_in_native, id=9576, stack(0x0000000016c70000,0x0000000016d70000)]
  0x0000000015321000 JavaThread "Attach Listener" daemon [_thread_blocked, id=16260, stack(0x0000000016b70000,0x0000000016c70000)]
  0x00000000166b3000 JavaThread "Signal Dispatcher" daemon [_thread_blocked, id=1420, stack(0x0000000016a70000,0x0000000016b70000)]
  0x0000000002c39000 JavaThread "Finalizer" daemon [_thread_blocked, id=9128, stack(0x0000000016570000,0x0000000016670000)]
  0x0000000002c30000 JavaThread "Reference Handler" daemon [_thread_blocked, id=7520, stack(0x0000000016470000,0x0000000016570000)]
  0x0000000002b42800 JavaThread "main" [_thread_blocked, id=12048, stack(0x0000000002990000,0x0000000002a90000)]

Other Threads:
  0x00000000152d6800 VMThread [stack: 0x0000000016370000,0x0000000016470000] [id=2160]
  0x0000000016708800 WatcherThread [stack: 0x0000000017070000,0x0000000017170000] [id=18248]

VM state:not at safepoint (normal execution)

VM Mutex/Monitor currently owned by a thread: None

Heap:
 PSYoungGen      total 102400K, used 57062K [0x00000000eab00000, 0x00000000f2280000, 0x0000000100000000)
  eden space 90112K, 63% used [0x00000000eab00000,0x00000000ee2b9a30,0x00000000f0300000)
  from space 12288K, 0% used [0x00000000f0f80000,0x00000000f0f80000,0x00000000f1b80000)
  to   space 12800K, 0% used [0x00000000f0300000,0x00000000f0300000,0x00000000f0f80000)
 ParOldGen       total 114688K, used 16365K [0x00000000c0000000, 0x00000000c7000000, 0x00000000eab00000)
  object space 114688K, 14% used [0x00000000c0000000,0x00000000c0ffb518,0x00000000c7000000)
 Metaspace       used 38372K, capacity 39155K, committed 39424K, reserved 1089536K
  class space    used 5407K, capacity 5604K, committed 5632K, reserved 1048576K

Card table byte_map: [0x0000000012000000,0x0000000012210000] byte_map_base: 0x0000000011a00000

Marking Bits: (ParMarkBitMap*) 0x000000005bbeb460
 Begin Bits: [0x0000000012770000, 0x0000000013770000)
 End Bits:   [0x0000000013770000, 0x0000000014770000)

Polling page: 0x00000000025f0000

CodeCache: size=245760Kb used=12949Kb max_used=12949Kb free=232810Kb
 bounds [0x0000000002c40000, 0x00000000038f0000, 0x0000000011c40000]
 total_blobs=4278 nmethods=3561 adapters=630
 compilation: enabled

Compilation events (10 events):
Event: 7.515 Thread 0x0000000015336000 nmethod 3556 0x00000000038e6390 code [0x00000000038e6500, 0x00000000038e67e8]
Event: 7.515 Thread 0x0000000015336000 3557       3       com.sun.xml.internal.bind.v2.model.annotation.RuntimeInlineAnnotationReader::getPackageAnnotation (107 bytes)
Event: 7.516 Thread 0x0000000015336000 nmethod 3557 0x00000000038e6890 code [0x00000000038e6b20, 0x00000000038e7b28]
Event: 7.516 Thread 0x0000000015336000 3558       3       com.sun.xml.internal.bind.v2.model.impl.ClassInfoImpl::getPropertyNameFromSetMethod (25 bytes)
Event: 7.516 Thread 0x0000000015336000 nmethod 3558 0x00000000038e82d0 code [0x00000000038e8460, 0x00000000038e8978]
Event: 7.516 Thread 0x0000000015336000 3559       1       com.sun.xml.internal.bind.v2.model.impl.TypeInfoImpl::reader (8 bytes)
Event: 7.517 Thread 0x0000000015336000 nmethod 3559 0x00000000038e8ad0 code [0x00000000038e8c20, 0x00000000038e8d30]
Event: 7.519 Thread 0x0000000015322000 3560       4       java.lang.reflect.Method::getAnnotation (6 bytes)
Event: 7.519 Thread 0x0000000015336000 3561       3       java.lang.reflect.AccessibleObject::isAnnotationPresent (6 bytes)
Event: 7.520 Thread 0x0000000015336000 nmethod 3561 0x00000000038e8dd0 code [0x00000000038e8f40, 0x00000000038e9208]

GC Heap History (10 events):
Event: 3.945 GC heap before
{Heap before GC invocations=6 (full 1):
 PSYoungGen      total 47616K, used 40960K [0x00000000eab00000, 0x00000000f0800000, 0x0000000100000000)
  eden space 40960K, 100% used [0x00000000eab00000,0x00000000ed300000,0x00000000ed300000)
  from space 6656K, 0% used [0x00000000ed980000,0x00000000ed980000,0x00000000ee000000)
  to   space 6656K, 0% used [0x00000000ed300000,0x00000000ed300000,0x00000000ed980000)
 ParOldGen       total 70656K, used 7704K [0x00000000c0000000, 0x00000000c4500000, 0x00000000eab00000)
  object space 70656K, 10% used [0x00000000c0000000,0x00000000c07861c8,0x00000000c4500000)
 Metaspace       used 24075K, capacity 24350K, committed 24448K, reserved 1071104K
  class space    used 3333K, capacity 3444K, committed 3456K, reserved 1048576K
Event: 3.949 GC heap after
Heap after GC invocations=6 (full 1):
 PSYoungGen      total 47616K, used 4538K [0x00000000eab00000, 0x00000000efc00000, 0x0000000100000000)
  eden space 40960K, 0% used [0x00000000eab00000,0x00000000eab00000,0x00000000ed300000)
  from space 6656K, 68% used [0x00000000ed300000,0x00000000ed76ebe0,0x00000000ed980000)
  to   space 10752K, 0% used [0x00000000ef180000,0x00000000ef180000,0x00000000efc00000)
 ParOldGen       total 70656K, used 7704K [0x00000000c0000000, 0x00000000c4500000, 0x00000000eab00000)
  object space 70656K, 10% used [0x00000000c0000000,0x00000000c07861c8,0x00000000c4500000)
 Metaspace       used 24075K, capacity 24350K, committed 24448K, reserved 1071104K
  class space    used 3333K, capacity 3444K, committed 3456K, reserved 1048576K
}
Event: 4.418 GC heap before
{Heap before GC invocations=7 (full 1):
 PSYoungGen      total 47616K, used 45498K [0x00000000eab00000, 0x00000000efc00000, 0x0000000100000000)
  eden space 40960K, 100% used [0x00000000eab00000,0x00000000ed300000,0x00000000ed300000)
  from space 6656K, 68% used [0x00000000ed300000,0x00000000ed76ebe0,0x00000000ed980000)
  to   space 10752K, 0% used [0x00000000ef180000,0x00000000ef180000,0x00000000efc00000)
 ParOldGen       total 70656K, used 7704K [0x00000000c0000000, 0x00000000c4500000, 0x00000000eab00000)
  object space 70656K, 10% used [0x00000000c0000000,0x00000000c07861c8,0x00000000c4500000)
 Metaspace       used 26185K, capacity 26538K, committed 26624K, reserved 1073152K
  class space    used 3729K, capacity 3831K, committed 3840K, reserved 1048576K
Event: 4.425 GC heap after
Heap after GC invocations=7 (full 1):
 PSYoungGen      total 72192K, used 4740K [0x00000000eab00000, 0x00000000efc80000, 0x0000000100000000)
  eden space 61440K, 0% used [0x00000000eab00000,0x00000000eab00000,0x00000000ee700000)
  from space 10752K, 44% used [0x00000000ef180000,0x00000000ef6211c8,0x00000000efc00000)
  to   space 10752K, 0% used [0x00000000ee700000,0x00000000ee700000,0x00000000ef180000)
 ParOldGen       total 70656K, used 7704K [0x00000000c0000000, 0x00000000c4500000, 0x00000000eab00000)
  object space 70656K, 10% used [0x00000000c0000000,0x00000000c07861c8,0x00000000c4500000)
 Metaspace       used 26185K, capacity 26538K, committed 26624K, reserved 1073152K
  class space    used 3729K, capacity 3831K, committed 3840K, reserved 1048576K
}
Event: 5.752 GC heap before
{Heap before GC invocations=8 (full 1):
 PSYoungGen      total 72192K, used 66180K [0x00000000eab00000, 0x00000000efc80000, 0x0000000100000000)
  eden space 61440K, 100% used [0x00000000eab00000,0x00000000ee700000,0x00000000ee700000)
  from space 10752K, 44% used [0x00000000ef180000,0x00000000ef6211c8,0x00000000efc00000)
  to   space 10752K, 0% used [0x00000000ee700000,0x00000000ee700000,0x00000000ef180000)
 ParOldGen       total 70656K, used 7704K [0x00000000c0000000, 0x00000000c4500000, 0x00000000eab00000)
  object space 70656K, 10% used [0x00000000c0000000,0x00000000c07861c8,0x00000000c4500000)
 Metaspace       used 32549K, capacity 33182K, committed 33408K, reserved 1077248K
  class space    used 4551K, capacity 4706K, committed 4736K, reserved 1048576K
Event: 5.762 GC heap after
Heap after GC invocations=8 (full 1):
 PSYoungGen      total 72192K, used 10114K [0x00000000eab00000, 0x00000000f1b80000, 0x0000000100000000)
  eden space 61440K, 0% used [0x00000000eab00000,0x00000000eab00000,0x00000000ee700000)
  from space 10752K, 94% used [0x00000000ee700000,0x00000000ef0e0a78,0x00000000ef180000)
  to   space 12288K, 0% used [0x00000000f0f80000,0x00000000f0f80000,0x00000000f1b80000)
 ParOldGen       total 70656K, used 7712K [0x00000000c0000000, 0x00000000c4500000, 0x00000000eab00000)
  object space 70656K, 10% used [0x00000000c0000000,0x00000000c07881c8,0x00000000c4500000)
 Metaspace       used 32549K, capacity 33182K, committed 33408K, reserved 1077248K
  class space    used 4551K, capacity 4706K, committed 4736K, reserved 1048576K
}
Event: 6.241 GC heap before
{Heap before GC invocations=9 (full 1):
 PSYoungGen      total 72192K, used 54581K [0x00000000eab00000, 0x00000000f1b80000, 0x0000000100000000)
  eden space 61440K, 72% used [0x00000000eab00000,0x00000000ed66cc48,0x00000000ee700000)
  from space 10752K, 94% used [0x00000000ee700000,0x00000000ef0e0a78,0x00000000ef180000)
  to   space 12288K, 0% used [0x00000000f0f80000,0x00000000f0f80000,0x00000000f1b80000)
 ParOldGen       total 70656K, used 7712K [0x00000000c0000000, 0x00000000c4500000, 0x00000000eab00000)
  object space 70656K, 10% used [0x00000000c0000000,0x00000000c07881c8,0x00000000c4500000)
 Metaspace       used 34653K, capacity 35296K, committed 35456K, reserved 1079296K
  class space    used 4811K, capacity 4975K, committed 4992K, reserved 1048576K
Event: 6.260 GC heap after
Heap after GC invocations=9 (full 1):
 PSYoungGen      total 102400K, used 9721K [0x00000000eab00000, 0x00000000f2280000, 0x0000000100000000)
  eden space 90112K, 0% used [0x00000000eab00000,0x00000000eab00000,0x00000000f0300000)
  from space 12288K, 79% used [0x00000000f0f80000,0x00000000f18fe478,0x00000000f1b80000)
  to   space 12800K, 0% used [0x00000000f0300000,0x00000000f0300000,0x00000000f0f80000)
 ParOldGen       total 70656K, used 7720K [0x00000000c0000000, 0x00000000c4500000, 0x00000000eab00000)
  object space 70656K, 10% used [0x00000000c0000000,0x00000000c078a1c8,0x00000000c4500000)
 Metaspace       used 34653K, capacity 35296K, committed 35456K, reserved 1079296K
  class space    used 4811K, capacity 4975K, committed 4992K, reserved 1048576K
}
Event: 6.260 GC heap before
{Heap before GC invocations=10 (full 2):
 PSYoungGen      total 102400K, used 9721K [0x00000000eab00000, 0x00000000f2280000, 0x0000000100000000)
  eden space 90112K, 0% used [0x00000000eab00000,0x00000000eab00000,0x00000000f0300000)
  from space 12288K, 79% used [0x00000000f0f80000,0x00000000f18fe478,0x00000000f1b80000)
  to   space 12800K, 0% used [0x00000000f0300000,0x00000000f0300000,0x00000000f0f80000)
 ParOldGen       total 70656K, used 7720K [0x00000000c0000000, 0x00000000c4500000, 0x00000000eab00000)
  object space 70656K, 10% used [0x00000000c0000000,0x00000000c078a1c8,0x00000000c4500000)
 Metaspace       used 34653K, capacity 35296K, committed 35456K, reserved 1079296K
  class space    used 4811K, capacity 4975K, committed 4992K, reserved 1048576K
Event: 6.387 GC heap after
Heap after GC invocations=10 (full 2):
 PSYoungGen      total 102400K, used 0K [0x00000000eab00000, 0x00000000f2280000, 0x0000000100000000)
  eden space 90112K, 0% used [0x00000000eab00000,0x00000000eab00000,0x00000000f0300000)
  from space 12288K, 0% used [0x00000000f0f80000,0x00000000f0f80000,0x00000000f1b80000)
  to   space 12800K, 0% used [0x00000000f0300000,0x00000000f0300000,0x00000000f0f80000)
 ParOldGen       total 114688K, used 16365K [0x00000000c0000000, 0x00000000c7000000, 0x00000000eab00000)
  object space 114688K, 14% used [0x00000000c0000000,0x00000000c0ffb518,0x00000000c7000000)
 Metaspace       used 34653K, capacity 35296K, committed 35456K, reserved 1079296K
  class space    used 4811K, capacity 4975K, committed 4992K, reserved 1048576K
}

Deoptimization events (10 events):
Event: 5.042 Thread 0x0000000018053800 Uncommon trap: reason=bimorphic action=maybe_recompile pc=0x000000000347789c method=java.lang.ClassLoader.getPackage(Ljava/lang/String;)Ljava/lang/Package; @ 47
Event: 5.042 Thread 0x0000000018053800 Uncommon trap: reason=bimorphic action=maybe_recompile pc=0x000000000347789c method=java.lang.ClassLoader.getPackage(Ljava/lang/String;)Ljava/lang/Package; @ 47
Event: 5.042 Thread 0x0000000018053800 Uncommon trap: reason=bimorphic action=maybe_recompile pc=0x000000000347789c method=java.lang.ClassLoader.getPackage(Ljava/lang/String;)Ljava/lang/Package; @ 47
Event: 5.491 Thread 0x0000000018053800 Uncommon trap: reason=predicate action=maybe_recompile pc=0x000000000353eb14 method=java.util.Arrays.binarySearch0([Ljava/lang/Object;IILjava/lang/Object;Ljava/util/Comparator;)I @ 28
Event: 5.725 Thread 0x0000000018053800 Uncommon trap: reason=unreached action=reinterpret pc=0x0000000003158be8 method=java.util.HashMap.resize()[Ljava/util/HashMap$Node; @ 206
Event: 5.725 Thread 0x0000000018053800 Uncommon trap: reason=unreached action=reinterpret pc=0x00000000033f7f50 method=java.util.HashMap.putVal(ILjava/lang/Object;Ljava/lang/Object;ZZ)Ljava/lang/Object; @ 109
Event: 5.725 Thread 0x0000000018053800 Uncommon trap: reason=unreached action=reinterpret pc=0x000000000346f1e4 method=java.util.HashMap.putVal(ILjava/lang/Object;Ljava/lang/Object;ZZ)Ljava/lang/Object; @ 109
Event: 5.767 Thread 0x0000000002c39000 Uncommon trap: reason=unreached action=reinterpret pc=0x00000000033cadbc method=java.lang.ref.Finalizer.remove()V @ 10
Event: 5.772 Thread 0x0000000018053800 Uncommon trap: reason=unreached action=reinterpret pc=0x0000000003471ab0 method=java.util.HashMap.putVal(ILjava/lang/Object;Ljava/lang/Object;ZZ)Ljava/lang/Object; @ 109
Event: 6.458 Thread 0x0000000018053800 Uncommon trap: reason=unreached action=reinterpret pc=0x000000000336c7ac method=java.security.CodeSource.getCertificates()[Ljava/security/cert/Certificate; @ 22

Internal exceptions (10 events):
Event: 7.407 Thread 0x0000000018053800 Exception <a 'java/security/PrivilegedActionException'> (0x00000000edf91288) thrown at [D:\re\workspace\8-2-build-windows-amd64-cygwin\jdk8u20\1074\hotspot\src\share\vm\prims\jvm.cpp, line 1275]
Event: 7.407 Thread 0x0000000018053800 Exception <a 'java/security/PrivilegedActionException'> (0x00000000edf92298) thrown at [D:\re\workspace\8-2-build-windows-amd64-cygwin\jdk8u20\1074\hotspot\src\share\vm\prims\jvm.cpp, line 1275]
Event: 7.408 Thread 0x0000000018053800 Exception <a 'java/lang/ClassNotFoundException': com/sun/org/glassfish/hk2/osgiresourcelocator/ServiceLoader> (0x00000000edfbce20) thrown at [D:\re\workspace\8-2-build-windows-amd64-cygwin\jdk8u20\1074\hotspot\src\share\vm\classfile\systemDictionary.cpp, lôñw8k´@
Event: 7.426 Thread 0x0000000018053800 Exception <a 'java/lang/NullPointerException'> (0x00000000edff3668) thrown at [D:\re\workspace\8-2-build-windows-amd64-cygwin\jdk8u20\1074\hotspot\src\share\vm\interpreter\linkResolver.cpp, line 1268]
Event: 7.484 Thread 0x0000000018053800 Exception <a 'java/security/PrivilegedActionException'> (0x00000000ee0ef620) thrown at [D:\re\workspace\8-2-build-windows-amd64-cygwin\jdk8u20\1074\hotspot\src\share\vm\prims\jvm.cpp, line 1275]
Event: 7.495 Thread 0x0000000018053800 Exception <a 'java/security/PrivilegedActionException'> (0x00000000ee128aa0) thrown at [D:\re\workspace\8-2-build-windows-amd64-cygwin\jdk8u20\1074\hotspot\src\share\vm\prims\jvm.cpp, line 1275]
Event: 7.496 Thread 0x0000000018053800 Exception <a 'java/security/PrivilegedActionException'> (0x00000000ee130a80) thrown at [D:\re\workspace\8-2-build-windows-amd64-cygwin\jdk8u20\1074\hotspot\src\share\vm\prims\jvm.cpp, line 1275]
Event: 7.513 Thread 0x0000000018053800 Exception <a 'java/security/PrivilegedActionException'> (0x00000000ee1b9878) thrown at [D:\re\workspace\8-2-build-windows-amd64-cygwin\jdk8u20\1074\hotspot\src\share\vm\prims\jvm.cpp, line 1275]
Event: 7.519 Thread 0x0000000018053800 Exception <a 'java/security/PrivilegedActionException'> (0x00000000ee1ef858) thrown at [D:\re\workspace\8-2-build-windows-amd64-cygwin\jdk8u20\1074\hotspot\src\share\vm\prims\jvm.cpp, line 1275]
Event: 7.519 Thread 0x0000000018053800 Exception <a 'java/security/PrivilegedActionException'> (0x00000000ee1f7ed0) thrown at [D:\re\workspace\8-2-build-windows-amd64-cygwin\jdk8u20\1074\hotspot\src\share\vm\prims\jvm.cpp, line 1275]

Events (10 events):
Event: 7.518 loading class com/sun/xml/internal/bind/api/impl/NameUtil done
Event: 7.518 loading class com/sun/xml/internal/bind/api/impl/NameConverter$Standard done
Event: 7.518 loading class com/sun/xml/internal/bind/api/impl/NameConverter$1
Event: 7.518 loading class com/sun/xml/internal/bind/api/impl/NameConverter$1 done
Event: 7.518 loading class com/sun/xml/internal/bind/api/impl/NameConverter$2
Event: 7.518 loading class com/sun/xml/internal/bind/api/impl/NameConverter$2 done
Event: 7.518 loading class com/android/repository/impl/meta/package-info
Event: 7.518 loading class com/android/repository/impl/meta/package-info done
Event: 7.519 loading class java/lang/Package$1PackageInfoProxy
Event: 7.519 loading class java/lang/Package$1PackageInfoProxy done


Dynamic libraries:
0x00007ff717510000 - 0x00007ff717544000 	C:\Program Files\Java\jdk1.8.0_20\bin\java.exe
0x00007ffaba280000 - 0x00007ffaba461000 	C:\WINDOWS\SYSTEM32\ntdll.dll
0x00007ffa9ad40000 - 0x00007ffa9ad74000 	C:\Program Files\AVAST Software\Avast\x64\aswhooka.dll
0x00007ffab96e0000 - 0x00007ffab9792000 	C:\WINDOWS\System32\KERNEL32.DLL
0x00007ffab6ee0000 - 0x00007ffab7153000 	C:\WINDOWS\System32\KERNELBASE.dll
0x00007ffab9b00000 - 0x00007ffab9ba1000 	C:\WINDOWS\System32\ADVAPI32.dll
0x00007ffab9e40000 - 0x00007ffab9ede000 	C:\WINDOWS\System32\msvcrt.dll
0x00007ffab9bc0000 - 0x00007ffab9c1b000 	C:\WINDOWS\System32\sechost.dll
0x00007ffab95b0000 - 0x00007ffab96d4000 	C:\WINDOWS\System32\RPCRT4.dll
0x00007ffab9420000 - 0x00007ffab95b0000 	C:\WINDOWS\System32\USER32.dll
0x00007ffab72b0000 - 0x00007ffab72d0000 	C:\WINDOWS\System32\win32u.dll
0x00007ffab9ad0000 - 0x00007ffab9af8000 	C:\WINDOWS\System32\GDI32.dll
0x00007ffab72d0000 - 0x00007ffab7462000 	C:\WINDOWS\System32\gdi32full.dll
0x00007ffab6650000 - 0x00007ffab66ef000 	C:\WINDOWS\System32\msvcp_win.dll
0x00007ffab71b0000 - 0x00007ffab72aa000 	C:\WINDOWS\System32\ucrtbase.dll
0x00007ffa9da10000 - 0x00007ffa9dc79000 	C:\WINDOWS\WinSxS\amd64_microsoft.windows.common-controls_6595b64144ccf1df_6.0.17134.228_none_fb4599993062b194\COMCTL32.dll
0x00007ffab97a0000 - 0x00007ffab9ac3000 	C:\WINDOWS\System32\combase.dll
0x00007ffab6e60000 - 0x00007ffab6eda000 	C:\WINDOWS\System32\bcryptPrimitives.dll
0x00007ffab8b50000 - 0x00007ffab8b7d000 	C:\WINDOWS\System32\IMM32.DLL
0x000000005bc70000 - 0x000000005bd42000 	C:\Program Files\Java\jdk1.8.0_20\jre\bin\msvcr100.dll
0x000000005b410000 - 0x000000005bc68000 	C:\Program Files\Java\jdk1.8.0_20\jre\bin\server\jvm.dll
0x00007ffab9dc0000 - 0x00007ffab9dc8000 	C:\WINDOWS\System32\PSAPI.DLL
0x00007ffaac740000 - 0x00007ffaac749000 	C:\WINDOWS\SYSTEM32\WSOCK32.dll
0x00007ffab9030000 - 0x00007ffab909c000 	C:\WINDOWS\System32\WS2_32.dll
0x00007ffaace10000 - 0x00007ffaace33000 	C:\WINDOWS\SYSTEM32\WINMM.dll
0x00007ffaacde0000 - 0x00007ffaace0a000 	C:\WINDOWS\SYSTEM32\WINMMBASE.dll
0x00007ffab7160000 - 0x00007ffab71a9000 	C:\WINDOWS\System32\cfgmgr32.dll
0x000000005d3d0000 - 0x000000005d3df000 	C:\Program Files\Java\jdk1.8.0_20\jre\bin\verify.dll
0x000000005d3a0000 - 0x000000005d3c8000 	C:\Program Files\Java\jdk1.8.0_20\jre\bin\java.dll
0x000000005d380000 - 0x000000005d396000 	C:\Program Files\Java\jdk1.8.0_20\jre\bin\zip.dll
0x00007ffab7710000 - 0x00007ffab8b50000 	C:\WINDOWS\System32\SHELL32.dll
0x00007ffab90a0000 - 0x00007ffab9149000 	C:\WINDOWS\System32\shcore.dll
0x00007ffab66f0000 - 0x00007ffab6dfd000 	C:\WINDOWS\System32\windows.storage.dll
0x00007ffab9dd0000 - 0x00007ffab9e21000 	C:\WINDOWS\System32\shlwapi.dll
0x00007ffab6590000 - 0x00007ffab65a1000 	C:\WINDOWS\System32\kernel.appcore.dll
0x00007ffab6630000 - 0x00007ffab664f000 	C:\WINDOWS\System32\profapi.dll
0x00007ffab65b0000 - 0x00007ffab65fc000 	C:\WINDOWS\System32\powrprof.dll
0x00007ffab6620000 - 0x00007ffab662a000 	C:\WINDOWS\System32\FLTLIB.DLL
0x000000005d360000 - 0x000000005d37a000 	C:\Program Files\Java\jdk1.8.0_20\jre\bin\net.dll
0x00007ffab5db0000 - 0x00007ffab5e16000 	C:\WINDOWS\system32\mswsock.dll
0x000000005c5e0000 - 0x000000005c5f1000 	C:\Program Files\Java\jdk1.8.0_20\jre\bin\nio.dll
0x00007ffab0b90000 - 0x00007ffab0bae000 	C:\Users\Rhinohorns\.gradle\native\25\windows-amd64\native-platform.dll
0x00007ffab5f60000 - 0x00007ffab5f77000 	C:\WINDOWS\SYSTEM32\CRYPTSP.dll
0x00007ffab5990000 - 0x00007ffab59c3000 	C:\WINDOWS\system32\rsaenh.dll
0x00007ffab60f0000 - 0x00007ffab6115000 	C:\WINDOWS\SYSTEM32\bcrypt.dll
0x00007ffab6490000 - 0x00007ffab64b8000 	C:\WINDOWS\SYSTEM32\USERENV.dll
0x00007ffab5f80000 - 0x00007ffab5f8b000 	C:\WINDOWS\SYSTEM32\CRYPTBASE.dll
0x00007ffab5b30000 - 0x00007ffab5b68000 	C:\WINDOWS\SYSTEM32\IPHLPAPI.DLL
0x00007ffab9bb0000 - 0x00007ffab9bb8000 	C:\WINDOWS\System32\NSI.dll
0x00007ffab1bd0000 - 0x00007ffab1be6000 	C:\WINDOWS\SYSTEM32\dhcpcsvc6.DLL
0x00007ffab1a30000 - 0x00007ffab1a4a000 	C:\WINDOWS\SYSTEM32\dhcpcsvc.DLL
0x000000005c5d0000 - 0x000000005c5dd000 	C:\Program Files\Java\jdk1.8.0_20\jre\bin\management.dll

VM Arguments:
jvm_args: -XX:MaxPermSize=256m -XX:+HeapDumpOnOutOfMemoryError -Xmx1024m -Dfile.encoding=x-windows-950 -Duser.country=TW -Duser.language=zh -Duser.variant 
java_command: org.gradle.launcher.daemon.bootstrap.GradleDaemon 3.5.1
java_class_path (initial): C:\Users\Rhinohorns\.gradle\wrapper\dists\gradle-3.5.1-all\42vjebfdws9pjts3l4bouoq0p\gradle-3.5.1\lib\gradle-launcher-3.5.1.jar
Launcher Type: SUN_STANDARD

Environment Variables:
JAVA_HOME=C:\Program Files\Java\jdk1.8.0_20
CLASSPATH=D:\_Project\rnProjects\testProject\android\\gradle\wrapper\gradle-wrapper.jar
PATH=C:\Program Files (x86)\Common Files\Oracle\Java\javapath;C:\ProgramData\Oracle\Java\javapath;C:\Program Files\Common Files\Microsoft Shared\Windows Live;C:\Program Files (x86)\Common Files\Microsoft Shared\Windows Live;C:\Windows\system32;C:\Windows;C:\Windows\System32\Wbem;C:\Windows\System32\WindowsPowerShell\v1.0\;C:\Program Files (x86)\Windows Live\Shared;C:\Program Files (x86)\Intel\OpenCL SDK\2.0\bin\x86;C:\Program Files (x86)\Intel\OpenCL SDK\2.0\bin\x64;C:\Program Files (x86)\Common Files\Acronis\SnapAPI\;C:\Program Files (x86)\NVIDIA Corporation\PhysX\Common;C:\Users\Rhinohorns\AppData\Roaming\nvm;C:\WINDOWS\system32;C:\WINDOWS;C:\WINDOWS\System32\Wbem;C:\WINDOWS\System32\WindowsPowerShell\v1.0\;C:\WINDOWS\System32\OpenSSH\;d:\Program Files\Git\cmd;C:\Users\Rhinohorns\AppData\Local\Android\Sdk\tools;C:\Users\Rhinohorns\AppData\Local\Android\Sdk\platform-tools;c:\Users\Rhinohorns\AppData\Roaming\nvm;C:\Program Files\nodejs;C:\Users\Rhinohorns\AppData\Local\Android\Sdk;C:\Program Files\Java\jdk1.8.0_20;C:\Users\Rhinohorns\AppData\Local\Microsoft\WindowsApps;c:\Users\Rhinohorns\AppData\Roaming\nvm;C:\Program Files\nodejs;D:\Program Files\Microsoft VS Code\bin
USERNAME=Rhinohorns
OS=Windows_NT
PROCESSOR_IDENTIFIER=Intel64 Family 6 Model 30 Stepping 5, GenuineIntel



---------------  S Y S T E M  ---------------

OS: Windows 8.1 , 64 bit Build 9600 

CPU:total 4 (4 cores per cpu, 1 threads per core) family 6 model 30 stepping 5, cmov, cx8, fxsr, mmx, sse, sse2, sse3, ssse3, sse4.1, sse4.2, popcnt, tsc, tscinvbit

Memory: 4k page, physical 10476652k(2538872k free), swap 11525228k(5128k free)

vm_info: Java HotSpot(TM) 64-Bit Server VM (25.20-b23) for windows-amd64 JRE (1.8.0_20-b26), built on Jul 30 2014 13:51:23 by "java_re" with MS VC++ 10.0 (VS2010)

time: Tue Sep 11 22:00:11 2018
elapsed time: 7 seconds (0d 0h 0m 7s)

