#
# There is insufficient memory for the Java Runtime Environment to continue.
# Native memory allocation (malloc) failed to allocate 1120496 bytes for Chunk::new
# Possible reasons:
#   The system is out of physical RAM or swap space
#   In 32 bit mode, the process size limit was hit
# Possible solutions:
#   Reduce memory load on the system
#   Increase physical memory or swap space
#   Check if swap backing store is full
#   Use 64 bit Java on a 64 bit OS
#   Decrease Java heap size (-Xmx/-Xms)
#   Decrease number of Java threads
#   Decrease Java thread stack sizes (-Xss)
#   Set larger code cache with -XX:ReservedCodeCacheSize=
# This output file may be truncated or incomplete.
#
#  Out of Memory Error (allocation.cpp:390), pid=17028, tid=4872
#
# JRE version: Java(TM) SE Runtime Environment (8.0_20-b26) (build 1.8.0_20-b26)
# Java VM: Java HotSpot(TM) 64-Bit Server VM (25.20-b23 mixed mode windows-amd64 compressed oops)
# Failed to write core dump. Minidumps are not enabled by default on client versions of Windows
#

---------------  T H R E A D  ---------------

Current thread (0x0000000016a51000):  JavaThread "C2 CompilerThread1" daemon [_thread_in_native, id=4872, stack(0x0000000016e50000,0x0000000016f50000)]

Stack: [0x0000000016e50000,0x0000000016f50000]
Native frames: (J=compiled Java code, j=interpreted, Vv=VM code, C=native code)
V  [jvm.dll+0x3152fa]
V  [jvm.dll+0x265d03]
V  [jvm.dll+0x266943]
V  [jvm.dll+0x25e265]
V  [jvm.dll+0xbe255]
V  [jvm.dll+0xbe6fc]
V  [jvm.dll+0x477e2c]
V  [jvm.dll+0x445170]
V  [jvm.dll+0x4500de]
V  [jvm.dll+0x4526c8]
V  [jvm.dll+0x435fc2]
V  [jvm.dll+0x97b62]
V  [jvm.dll+0x98353]
V  [jvm.dll+0x22aac4]
V  [jvm.dll+0x283f5a]
C  [msvcr100.dll+0x21d9f]
C  [msvcr100.dll+0x21e3b]
C  [KERNEL32.DLL+0x13034]
C  [ntdll.dll+0x71431]


Current CompileTask:
C2:17539386 13341   !   4       com.sun.org.apache.xml.internal.dtm.ref.dom2dtm.DOM2DTM::addNode (417 bytes)


---------------  P R O C E S S  ---------------

Java Threads: ( => current thread )
  0x000000001c3ea800 JavaThread "Cache worker for task history cache (D:\_Project\rnProjects\testProject\android\.gradle\3.5.1\taskHistory)" [_thread_blocked, id=6648, stack(0x00000000242a0000,0x00000000243a0000)]
  0x000000001c3f1000 JavaThread "Stdin handler" [_thread_blocked, id=12536, stack(0x00000000241a0000,0x00000000242a0000)]
  0x000000001c3e9800 JavaThread "Asynchronous log dispatcher for DefaultDaemonConnection: socket connection from /127.0.0.1:2446 to /127.0.0.1:6271" [_thread_blocked, id=6240, stack(0x00000000240a0000,0x00000000241a0000)]
  0x000000001c3ee000 JavaThread "Daemon worker Thread 3" [_thread_in_native, id=6576, stack(0x0000000023fa0000,0x00000000240a0000)]
  0x000000001c3ec800 JavaThread "Cancel handler" [_thread_blocked, id=13884, stack(0x0000000023ea0000,0x0000000023fa0000)]
  0x000000001c3ef000 JavaThread "Handler for socket connection from /127.0.0.1:2446 to /127.0.0.1:6271" [_thread_in_native, id=6044, stack(0x0000000023da0000,0x0000000023ea0000)]
  0x000000001c3ec000 JavaThread "Daemon Thread 3" [_thread_blocked, id=8736, stack(0x0000000023ca0000,0x0000000023da0000)]
  0x00000000181a9000 JavaThread "Device List Monitor" [_thread_in_native, id=8804, stack(0x0000000020870000,0x0000000020970000)]
  0x00000000181a7800 JavaThread "Monitor" [_thread_in_native, id=15556, stack(0x0000000020470000,0x0000000020570000)]
  0x00000000181ad800 JavaThread "Memory manager" [_thread_blocked, id=6588, stack(0x000000001dbc0000,0x000000001dcc0000)]
  0x00000000181a9800 JavaThread "Cache worker for Artifact transforms cache (C:\Users\Rhinohorns\.gradle\caches\transforms-1)" [_thread_blocked, id=1832, stack(0x000000001bcc0000,0x000000001bdc0000)]
  0x00000000181ac000 JavaThread "File lock request listener" [_thread_in_native, id=11180, stack(0x0000000019820000,0x0000000019920000)]
  0x0000000018248800 JavaThread "Cache worker for file hash cache (C:\Users\Rhinohorns\.gradle\caches\3.5.1\fileHashes)" [_thread_blocked, id=4684, stack(0x0000000019720000,0x0000000019820000)]
  0x00000000180ff800 JavaThread "Daemon periodic checks" [_thread_blocked, id=18268, stack(0x0000000018e20000,0x0000000018f20000)]
  0x0000000018068000 JavaThread "Incoming local TCP Connector on port 2446" [_thread_in_native, id=13936, stack(0x0000000018d20000,0x0000000018e20000)]
  0x0000000017fad800 JavaThread "Daemon health stats" [_thread_blocked, id=6924, stack(0x0000000018a20000,0x0000000018b20000)]
  0x0000000016ab8000 JavaThread "Service Thread" daemon [_thread_blocked, id=16444, stack(0x0000000017050000,0x0000000017150000)]
  0x0000000016a58000 JavaThread "C1 CompilerThread2" daemon [_thread_blocked, id=9432, stack(0x0000000016f50000,0x0000000017050000)]
=>0x0000000016a51000 JavaThread "C2 CompilerThread1" daemon [_thread_in_native, id=4872, stack(0x0000000016e50000,0x0000000016f50000)]
  0x000000001545c800 JavaThread "C2 CompilerThread0" daemon [_thread_in_native, id=2688, stack(0x0000000016950000,0x0000000016a50000)]
  0x000000001545b800 JavaThread "Attach Listener" daemon [_thread_blocked, id=10604, stack(0x0000000016850000,0x0000000016950000)]
  0x0000000015411000 JavaThread "Signal Dispatcher" daemon [_thread_blocked, id=7084, stack(0x0000000016750000,0x0000000016850000)]
  0x0000000002c40000 JavaThread "Finalizer" daemon [_thread_blocked, id=12588, stack(0x0000000016650000,0x0000000016750000)]
  0x00000000153c8000 JavaThread "Reference Handler" daemon [_thread_blocked, id=1368, stack(0x0000000016550000,0x0000000016650000)]
  0x0000000002b52800 JavaThread "main" [_thread_blocked, id=15520, stack(0x00000000026e0000,0x00000000027e0000)]

Other Threads:
  0x00000000153c7000 VMThread [stack: 0x0000000016450000,0x0000000016550000] [id=18420]
  0x0000000016ad7000 WatcherThread [stack: 0x0000000017150000,0x0000000017250000] [id=948]

VM state:not at safepoint (normal execution)

VM Mutex/Monitor currently owned by a thread: None

Heap:
 PSYoungGen      total 305152K, used 68699K [0x00000000eab00000, 0x00000000ffd00000, 0x0000000100000000)
  eden space 267264K, 23% used [0x00000000eab00000,0x00000000ee7cd1b8,0x00000000fb000000)
  from space 37888K, 16% used [0x00000000fd800000,0x00000000fde49b08,0x00000000ffd00000)
  to   space 39424K, 0% used [0x00000000fb000000,0x00000000fb000000,0x00000000fd680000)
 ParOldGen       total 235008K, used 76685K [0x00000000c0000000, 0x00000000ce580000, 0x00000000eab00000)
  object space 235008K, 32% used [0x00000000c0000000,0x00000000c4ae3790,0x00000000ce580000)
 Metaspace       used 71884K, capacity 74530K, committed 74584K, reserved 1114112K
  class space    used 9238K, capacity 9766K, committed 9816K, reserved 1048576K

Card table byte_map: [0x00000000120f0000,0x0000000012300000] byte_map_base: 0x0000000011af0000

Marking Bits: (ParMarkBitMap*) 0x000000005c04b460
 Begin Bits: [0x0000000012860000, 0x0000000013860000)
 End Bits:   [0x0000000013860000, 0x0000000014860000)

Polling page: 0x0000000000d00000

CodeCache: size=245760Kb used=34672Kb max_used=34684Kb free=211087Kb
 bounds [0x0000000002d30000, 0x0000000004f40000, 0x0000000011d30000]
 total_blobs=11727 nmethods=10902 adapters=736
 compilation: enabled

Compilation events (10 events):
Event: 17537.038 Thread 0x0000000016a58000 13419       3       org.gradle.internal.component.external.model.DefaultMavenModuleResolveMetadata::withSource (6 bytes)
Event: 17537.038 Thread 0x0000000016a58000 nmethod 13419 0x0000000004247390 code [0x0000000004247520, 0x0000000004247888]
Event: 17537.039 Thread 0x0000000016a58000 13420       1       org.gradle.internal.component.local.model.DefaultLocalComponentMetadata$DefaultLocalConfigurationMetadata::isTransitive (5 bytes)
Event: 17537.039 Thread 0x0000000016a58000 nmethod 13420 0x00000000042470d0 code [0x0000000004247220, 0x0000000004247330]
Event: 17537.039 Thread 0x0000000016a58000 13421       1       org.gradle.internal.component.model.LocalComponentDependencyMetadata::isTransitive (5 bytes)
Event: 17537.039 Thread 0x0000000016a58000 nmethod 13421 0x0000000004246e10 code [0x0000000004246f60, 0x0000000004247070]
Event: 17537.040 Thread 0x000000001545c800 nmethod 13416 0x00000000042468d0 code [0x0000000004246a20, 0x0000000004246c58]
Event: 17537.040 Thread 0x000000001545c800 13417       4       org.gradle.api.internal.DefaultDomainObjectSet::iterator (16 bytes)
Event: 17537.066 Thread 0x000000001545c800 nmethod 13417 0x0000000003cdb010 code [0x0000000003cdb260, 0x0000000003cdc268]
Event: 17537.067 Thread 0x000000001545c800 13422       4       org.gradle.internal.Actions$CompositeAction::execute (40 bytes)

GC Heap History (10 events):
Event: 159.918 GC heap before
{Heap before GC invocations=15 (full 3):
 PSYoungGen      total 256512K, used 225530K [0x00000000eab00000, 0x00000000fef00000, 0x0000000100000000)
  eden space 210432K, 100% used [0x00000000eab00000,0x00000000f7880000,0x00000000f7880000)
  from space 46080K, 32% used [0x00000000f7880000,0x00000000f873e9d8,0x00000000fa580000)
  to   space 44032K, 0% used [0x00000000fc400000,0x00000000fc400000,0x00000000fef00000)
 ParOldGen       total 235008K, used 70365K [0x00000000c0000000, 0x00000000ce580000, 0x00000000eab00000)
  object space 235008K, 29% used [0x00000000c0000000,0x00000000c44b75a8,0x00000000ce580000)
 Metaspace       used 66140K, capacity 68250K, committed 68696K, reserved 1110016K
  class space    used 8525K, capacity 8976K, committed 9048K, reserved 1048576K
Event: 159.926 GC heap after
Heap after GC invocations=15 (full 3):
 PSYoungGen      total 282624K, used 7330K [0x00000000eab00000, 0x00000000fec00000, 0x0000000100000000)
  eden space 241664K, 0% used [0x00000000eab00000,0x00000000eab00000,0x00000000f9700000)
  from space 40960K, 17% used [0x00000000fc400000,0x00000000fcb28930,0x00000000fec00000)
  to   space 43520K, 0% used [0x00000000f9700000,0x00000000f9700000,0x00000000fc180000)
 ParOldGen       total 235008K, used 70373K [0x00000000c0000000, 0x00000000ce580000, 0x00000000eab00000)
  object space 235008K, 29% used [0x00000000c0000000,0x00000000c44b95a8,0x00000000ce580000)
 Metaspace       used 66140K, capacity 68250K, committed 68696K, reserved 1110016K
  class space    used 8525K, capacity 8976K, committed 9048K, reserved 1048576K
}
Event: 161.069 GC heap before
{Heap before GC invocations=16 (full 3):
 PSYoungGen      total 282624K, used 248858K [0x00000000eab00000, 0x00000000fec00000, 0x0000000100000000)
  eden space 241664K, 99% used [0x00000000eab00000,0x00000000f96de0f0,0x00000000f9700000)
  from space 40960K, 17% used [0x00000000fc400000,0x00000000fcb28930,0x00000000fec00000)
  to   space 43520K, 0% used [0x00000000f9700000,0x00000000f9700000,0x00000000fc180000)
 ParOldGen       total 235008K, used 70373K [0x00000000c0000000, 0x00000000ce580000, 0x00000000eab00000)
  object space 235008K, 29% used [0x00000000c0000000,0x00000000c44b95a8,0x00000000ce580000)
 Metaspace       used 67727K, capacity 69966K, committed 70232K, reserved 1110016K
  class space    used 8752K, capacity 9212K, committed 9304K, reserved 1048576K
Event: 161.078 GC heap after
Heap after GC invocations=16 (full 3):
 PSYoungGen      total 285184K, used 11956K [0x00000000eab00000, 0x00000000fff80000, 0x0000000100000000)
  eden space 241664K, 0% used [0x00000000eab00000,0x00000000eab00000,0x00000000f9700000)
  from space 43520K, 27% used [0x00000000f9700000,0x00000000fa2ad3b8,0x00000000fc180000)
  to   space 41984K, 0% used [0x00000000fd680000,0x00000000fd680000,0x00000000fff80000)
 ParOldGen       total 235008K, used 70381K [0x00000000c0000000, 0x00000000ce580000, 0x00000000eab00000)
  object space 235008K, 29% used [0x00000000c0000000,0x00000000c44bb5a8,0x00000000ce580000)
 Metaspace       used 67727K, capacity 69966K, committed 70232K, reserved 1110016K
  class space    used 8752K, capacity 9212K, committed 9304K, reserved 1048576K
}
Event: 161.116 GC heap before
{Heap before GC invocations=17 (full 3):
 PSYoungGen      total 285184K, used 252616K [0x00000000eab00000, 0x00000000fff80000, 0x0000000100000000)
  eden space 241664K, 99% used [0x00000000eab00000,0x00000000f9604d10,0x00000000f9700000)
  from space 43520K, 27% used [0x00000000f9700000,0x00000000fa2ad3b8,0x00000000fc180000)
  to   space 41984K, 0% used [0x00000000fd680000,0x00000000fd680000,0x00000000fff80000)
 ParOldGen       total 235008K, used 70381K [0x00000000c0000000, 0x00000000ce580000, 0x00000000eab00000)
  object space 235008K, 29% used [0x00000000c0000000,0x00000000c44bb5a8,0x00000000ce580000)
 Metaspace       used 67736K, capacity 69966K, committed 70232K, reserved 1110016K
  class space    used 8752K, capacity 9212K, committed 9304K, reserved 1048576K
Event: 161.123 GC heap after
Heap after GC invocations=17 (full 3):
 PSYoungGen      total 303616K, used 7991K [0x00000000eab00000, 0x00000000ffd80000, 0x0000000100000000)
  eden space 263680K, 0% used [0x00000000eab00000,0x00000000eab00000,0x00000000fac80000)
  from space 39936K, 20% used [0x00000000fd680000,0x00000000fde4dcc0,0x00000000ffd80000)
  to   space 41472K, 0% used [0x00000000fac80000,0x00000000fac80000,0x00000000fd500000)
 ParOldGen       total 235008K, used 70389K [0x00000000c0000000, 0x00000000ce580000, 0x00000000eab00000)
  object space 235008K, 29% used [0x00000000c0000000,0x00000000c44bd5a8,0x00000000ce580000)
 Metaspace       used 67736K, capacity 69966K, committed 70232K, reserved 1110016K
  class space    used 8752K, capacity 9212K, committed 9304K, reserved 1048576K
}
Event: 5032.057 GC heap before
{Heap before GC invocations=18 (full 3):
 PSYoungGen      total 303616K, used 271671K [0x00000000eab00000, 0x00000000ffd80000, 0x0000000100000000)
  eden space 263680K, 100% used [0x00000000eab00000,0x00000000fac80000,0x00000000fac80000)
  from space 39936K, 20% used [0x00000000fd680000,0x00000000fde4dcc0,0x00000000ffd80000)
  to   space 41472K, 0% used [0x00000000fac80000,0x00000000fac80000,0x00000000fd500000)
 ParOldGen       total 235008K, used 70389K [0x00000000c0000000, 0x00000000ce580000, 0x00000000eab00000)
  object space 235008K, 29% used [0x00000000c0000000,0x00000000c44bd5a8,0x00000000ce580000)
 Metaspace       used 68082K, capacity 70330K, committed 70488K, reserved 1110016K
  class space    used 8778K, capacity 9224K, committed 9304K, reserved 1048576K
Event: 5032.065 GC heap after
Heap after GC invocations=18 (full 3):
 PSYoungGen      total 305152K, used 6962K [0x00000000eab00000, 0x00000000fff80000, 0x0000000100000000)
  eden space 263680K, 0% used [0x00000000eab00000,0x00000000eab00000,0x00000000fac80000)
  from space 41472K, 16% used [0x00000000fac80000,0x00000000fb34cae8,0x00000000fd500000)
  to   space 40448K, 0% used [0x00000000fd800000,0x00000000fd800000,0x00000000fff80000)
 ParOldGen       total 235008K, used 70397K [0x00000000c0000000, 0x00000000ce580000, 0x00000000eab00000)
  object space 235008K, 29% used [0x00000000c0000000,0x00000000c44bf5a8,0x00000000ce580000)
 Metaspace       used 68082K, capacity 70330K, committed 70488K, reserved 1110016K
  class space    used 8778K, capacity 9224K, committed 9304K, reserved 1048576K
}
Event: 16382.104 GC heap before
{Heap before GC invocations=19 (full 3):
 PSYoungGen      total 305152K, used 270642K [0x00000000eab00000, 0x00000000fff80000, 0x0000000100000000)
  eden space 263680K, 100% used [0x00000000eab00000,0x00000000fac80000,0x00000000fac80000)
  from space 41472K, 16% used [0x00000000fac80000,0x00000000fb34cae8,0x00000000fd500000)
  to   space 40448K, 0% used [0x00000000fd800000,0x00000000fd800000,0x00000000fff80000)
 ParOldGen       total 235008K, used 70397K [0x00000000c0000000, 0x00000000ce580000, 0x00000000eab00000)
  object space 235008K, 29% used [0x00000000c0000000,0x00000000c44bf5a8,0x00000000ce580000)
 Metaspace       used 71676K, capacity 74286K, committed 74584K, reserved 1114112K
  class space    used 9221K, capacity 9736K, committed 9816K, reserved 1048576K
Event: 16382.241 GC heap after
Heap after GC invocations=19 (full 3):
 PSYoungGen      total 305152K, used 6438K [0x00000000eab00000, 0x00000000ffd00000, 0x0000000100000000)
  eden space 267264K, 0% used [0x00000000eab00000,0x00000000eab00000,0x00000000fb000000)
  from space 37888K, 16% used [0x00000000fd800000,0x00000000fde49b08,0x00000000ffd00000)
  to   space 39424K, 0% used [0x00000000fb000000,0x00000000fb000000,0x00000000fd680000)
 ParOldGen       total 235008K, used 76685K [0x00000000c0000000, 0x00000000ce580000, 0x00000000eab00000)
  object space 235008K, 32% used [0x00000000c0000000,0x00000000c4ae3790,0x00000000ce580000)
 Metaspace       used 71676K, capacity 74286K, committed 74584K, reserved 1114112K
  class space    used 9221K, capacity 9736K, committed 9816K, reserved 1048576K
}

Deoptimization events (10 events):
Event: 7141.783 Thread 0x000000001c3eb000 Uncommon trap: reason=class_check action=maybe_recompile pc=0x000000000458c624 method=org.gradle.internal.logging.sink.ProgressLogEventGenerator.onOutput(Lorg/gradle/internal/logging/events/OutputEvent;)V @ 45
Event: 7141.783 Thread 0x000000001c3eb000 Uncommon trap: reason=class_check action=maybe_recompile pc=0x000000000458c624 method=org.gradle.internal.logging.sink.ProgressLogEventGenerator.onOutput(Lorg/gradle/internal/logging/events/OutputEvent;)V @ 45
Event: 7201.825 Thread 0x000000001c3eb000 Uncommon trap: reason=null_check action=make_not_entrant pc=0x0000000003fdf020 method=java.util.concurrent.ThreadPoolExecutor.getTask()Ljava/lang/Runnable; @ 139
Event: 7201.835 Thread 0x000000001c3e9800 Uncommon trap: reason=null_check action=make_not_entrant pc=0x0000000003fdf020 method=java.util.concurrent.ThreadPoolExecutor.getTask()Ljava/lang/Runnable; @ 139
Event: 17536.180 Thread 0x000000001c3ef000 Uncommon trap: reason=bimorphic action=maybe_recompile pc=0x0000000004c3cef0 method=java.io.DataInputStream.readChar()C @ 4
Event: 17536.181 Thread 0x000000001c3ef000 Uncommon trap: reason=bimorphic action=maybe_recompile pc=0x0000000004c3cef0 method=java.io.DataInputStream.readChar()C @ 4
Event: 17536.181 Thread 0x000000001c3ef000 Uncommon trap: reason=bimorphic action=maybe_recompile pc=0x0000000004c3cef0 method=java.io.DataInputStream.readChar()C @ 4
Event: 17536.186 Thread 0x000000001c3ef000 Uncommon trap: reason=bimorphic action=maybe_recompile pc=0x0000000004c3cef0 method=java.io.DataInputStream.readChar()C @ 4
Event: 17536.514 Thread 0x000000001c3ee000 Uncommon trap: reason=class_check action=maybe_recompile pc=0x0000000004b32364 method=com.google.common.collect.AbstractMapBasedMultimap$WrappedCollection$WrappedIterator.next()Ljava/lang/Object; @ 8
Event: 17536.555 Thread 0x000000001c3ee000 Uncommon trap: reason=class_check action=maybe_recompile pc=0x0000000004b32364 method=com.google.common.collect.AbstractMapBasedMultimap$WrappedCollection$WrappedIterator.next()Ljava/lang/Object; @ 8

Internal exceptions (10 events):
Event: 17536.506 Thread 0x000000001c3ee000 Exception <a 'sun/nio/fs/WindowsException'> (0x00000000ec7cb238) thrown at [D:\re\workspace\8-2-build-windows-amd64-cygwin\jdk8u20\1074\hotspot\src\share\vm\prims\jni.cpp, line 716]
Event: 17536.506 Thread 0x000000001c3ee000 Exception <a 'sun/nio/fs/WindowsException'> (0x00000000ec7ce330) thrown at [D:\re\workspace\8-2-build-windows-amd64-cygwin\jdk8u20\1074\hotspot\src\share\vm\prims\jni.cpp, line 716]
Event: 17536.506 Thread 0x000000001c3ee000 Exception <a 'sun/nio/fs/WindowsException'> (0x00000000ec7ced50) thrown at [D:\re\workspace\8-2-build-windows-amd64-cygwin\jdk8u20\1074\hotspot\src\share\vm\prims\jni.cpp, line 716]
Event: 17536.507 Thread 0x000000001c3ee000 Exception <a 'sun/nio/fs/WindowsException'> (0x00000000ec7d01d8) thrown at [D:\re\workspace\8-2-build-windows-amd64-cygwin\jdk8u20\1074\hotspot\src\share\vm\prims\jni.cpp, line 716]
Event: 17536.507 Thread 0x000000001c3ee000 Exception <a 'sun/nio/fs/WindowsException'> (0x00000000ec7d0c30) thrown at [D:\re\workspace\8-2-build-windows-amd64-cygwin\jdk8u20\1074\hotspot\src\share\vm\prims\jni.cpp, line 716]
Event: 17536.508 Thread 0x000000001c3ee000 Exception <a 'sun/nio/fs/WindowsException'> (0x00000000ec7d4ae8) thrown at [D:\re\workspace\8-2-build-windows-amd64-cygwin\jdk8u20\1074\hotspot\src\share\vm\prims\jni.cpp, line 716]
Event: 17536.508 Thread 0x000000001c3ee000 Exception <a 'sun/nio/fs/WindowsException'> (0x00000000ec7d54f0) thrown at [D:\re\workspace\8-2-build-windows-amd64-cygwin\jdk8u20\1074\hotspot\src\share\vm\prims\jni.cpp, line 716]
Event: 17536.508 Thread 0x000000001c3ee000 Exception <a 'sun/nio/fs/WindowsException'> (0x00000000ec7d6950) thrown at [D:\re\workspace\8-2-build-windows-amd64-cygwin\jdk8u20\1074\hotspot\src\share\vm\prims\jni.cpp, line 716]
Event: 17536.508 Thread 0x000000001c3ee000 Exception <a 'sun/nio/fs/WindowsException'> (0x00000000ec7d7398) thrown at [D:\re\workspace\8-2-build-windows-amd64-cygwin\jdk8u20\1074\hotspot\src\share\vm\prims\jni.cpp, line 716]
Event: 17536.553 Thread 0x000000001c3ee000 Exception <a 'sun/nio/fs/WindowsException'> (0x00000000eca87cb0) thrown at [D:\re\workspace\8-2-build-windows-amd64-cygwin\jdk8u20\1074\hotspot\src\share\vm\prims\jni.cpp, line 716]

Events (10 events):
Event: 17536.784 Thread 0x0000000016a58000 flushing nmethod 0x00000000041e4950
Event: 17536.784 Thread 0x0000000016a58000 flushing nmethod 0x0000000004243690
Event: 17536.785 Thread 0x0000000016a58000 flushing nmethod 0x00000000042c1c90
Event: 17536.786 Thread 0x0000000016a58000 flushing nmethod 0x00000000043e1990
Event: 17536.786 Thread 0x0000000016a58000 flushing nmethod 0x000000000440cf90
Event: 17536.786 Thread 0x0000000016a58000 flushing nmethod 0x00000000044147d0
Event: 17536.787 Thread 0x0000000016a58000 flushing nmethod 0x0000000004462810
Event: 17536.797 Thread 0x0000000016a58000 flushing nmethod 0x00000000048f1b90
Event: 17536.798 Thread 0x0000000016a58000 flushing nmethod 0x00000000048f1f90
Event: 17536.798 Thread 0x0000000016a58000 flushing nmethod 0x00000000048f22d0


Dynamic libraries:
0x00007ff644d80000 - 0x00007ff644db4000 	C:\Program Files\Java\jdk1.8.0_20\bin\java.exe
0x00007ffaba280000 - 0x00007ffaba461000 	C:\WINDOWS\SYSTEM32\ntdll.dll
0x00007ffa9ad40000 - 0x00007ffa9ad74000 	C:\Program Files\AVAST Software\Avast\x64\aswhooka.dll
0x00007ffab96e0000 - 0x00007ffab9792000 	C:\WINDOWS\System32\KERNEL32.DLL
0x00007ffab6ee0000 - 0x00007ffab7153000 	C:\WINDOWS\System32\KERNELBASE.dll
0x00007ffab9b00000 - 0x00007ffab9ba1000 	C:\WINDOWS\System32\ADVAPI32.dll
0x00007ffab9e40000 - 0x00007ffab9ede000 	C:\WINDOWS\System32\msvcrt.dll
0x00007ffab9bc0000 - 0x00007ffab9c1b000 	C:\WINDOWS\System32\sechost.dll
0x00007ffab95b0000 - 0x00007ffab96d4000 	C:\WINDOWS\System32\RPCRT4.dll
0x00007ffab9420000 - 0x00007ffab95b0000 	C:\WINDOWS\System32\USER32.dll
0x00007ffab72b0000 - 0x00007ffab72d0000 	C:\WINDOWS\System32\win32u.dll
0x00007ffab9ad0000 - 0x00007ffab9af8000 	C:\WINDOWS\System32\GDI32.dll
0x00007ffab72d0000 - 0x00007ffab7462000 	C:\WINDOWS\System32\gdi32full.dll
0x00007ffab6650000 - 0x00007ffab66ef000 	C:\WINDOWS\System32\msvcp_win.dll
0x00007ffab71b0000 - 0x00007ffab72aa000 	C:\WINDOWS\System32\ucrtbase.dll
0x00007ffa9da10000 - 0x00007ffa9dc79000 	C:\WINDOWS\WinSxS\amd64_microsoft.windows.common-controls_6595b64144ccf1df_6.0.17134.228_none_fb4599993062b194\COMCTL32.dll
0x00007ffab97a0000 - 0x00007ffab9ac3000 	C:\WINDOWS\System32\combase.dll
0x00007ffab6e60000 - 0x00007ffab6eda000 	C:\WINDOWS\System32\bcryptPrimitives.dll
0x00007ffab8b50000 - 0x00007ffab8b7d000 	C:\WINDOWS\System32\IMM32.DLL
0x000000005d430000 - 0x000000005d502000 	C:\Program Files\Java\jdk1.8.0_20\jre\bin\msvcr100.dll
0x000000005b870000 - 0x000000005c0c8000 	C:\Program Files\Java\jdk1.8.0_20\jre\bin\server\jvm.dll
0x00007ffab9dc0000 - 0x00007ffab9dc8000 	C:\WINDOWS\System32\PSAPI.DLL
0x00007ffaac740000 - 0x00007ffaac749000 	C:\WINDOWS\SYSTEM32\WSOCK32.dll
0x00007ffab9030000 - 0x00007ffab909c000 	C:\WINDOWS\System32\WS2_32.dll
0x00007ffaace10000 - 0x00007ffaace33000 	C:\WINDOWS\SYSTEM32\WINMM.dll
0x00007ffaacde0000 - 0x00007ffaace0a000 	C:\WINDOWS\SYSTEM32\WINMMBASE.dll
0x00007ffab7160000 - 0x00007ffab71a9000 	C:\WINDOWS\System32\cfgmgr32.dll
0x000000005d420000 - 0x000000005d42f000 	C:\Program Files\Java\jdk1.8.0_20\jre\bin\verify.dll
0x000000005d3f0000 - 0x000000005d418000 	C:\Program Files\Java\jdk1.8.0_20\jre\bin\java.dll
0x000000005d3d0000 - 0x000000005d3e6000 	C:\Program Files\Java\jdk1.8.0_20\jre\bin\zip.dll
0x00007ffab7710000 - 0x00007ffab8b50000 	C:\WINDOWS\System32\SHELL32.dll
0x00007ffab90a0000 - 0x00007ffab9149000 	C:\WINDOWS\System32\shcore.dll
0x00007ffab66f0000 - 0x00007ffab6dfd000 	C:\WINDOWS\System32\windows.storage.dll
0x00007ffab9dd0000 - 0x00007ffab9e21000 	C:\WINDOWS\System32\shlwapi.dll
0x00007ffab6590000 - 0x00007ffab65a1000 	C:\WINDOWS\System32\kernel.appcore.dll
0x00007ffab6630000 - 0x00007ffab664f000 	C:\WINDOWS\System32\profapi.dll
0x00007ffab65b0000 - 0x00007ffab65fc000 	C:\WINDOWS\System32\powrprof.dll
0x00007ffab6620000 - 0x00007ffab662a000 	C:\WINDOWS\System32\FLTLIB.DLL
0x000000005d3b0000 - 0x000000005d3ca000 	C:\Program Files\Java\jdk1.8.0_20\jre\bin\net.dll
0x00007ffab5db0000 - 0x00007ffab5e16000 	C:\WINDOWS\system32\mswsock.dll
0x000000005d390000 - 0x000000005d3a1000 	C:\Program Files\Java\jdk1.8.0_20\jre\bin\nio.dll
0x00007ffa99950000 - 0x00007ffa9996e000 	C:\Users\Rhinohorns\.gradle\native\25\windows-amd64\native-platform.dll
0x00007ffab5f60000 - 0x00007ffab5f77000 	C:\WINDOWS\SYSTEM32\CRYPTSP.dll
0x00007ffab5990000 - 0x00007ffab59c3000 	C:\WINDOWS\system32\rsaenh.dll
0x00007ffab60f0000 - 0x00007ffab6115000 	C:\WINDOWS\SYSTEM32\bcrypt.dll
0x00007ffab6490000 - 0x00007ffab64b8000 	C:\WINDOWS\SYSTEM32\USERENV.dll
0x00007ffab5f80000 - 0x00007ffab5f8b000 	C:\WINDOWS\SYSTEM32\CRYPTBASE.dll
0x00007ffab5b30000 - 0x00007ffab5b68000 	C:\WINDOWS\SYSTEM32\IPHLPAPI.DLL
0x00007ffab9bb0000 - 0x00007ffab9bb8000 	C:\WINDOWS\System32\NSI.dll
0x00007ffab1bd0000 - 0x00007ffab1be6000 	C:\WINDOWS\SYSTEM32\dhcpcsvc6.DLL
0x00007ffab1a30000 - 0x00007ffab1a4a000 	C:\WINDOWS\SYSTEM32\dhcpcsvc.DLL
0x000000005d380000 - 0x000000005d38d000 	C:\Program Files\Java\jdk1.8.0_20\jre\bin\management.dll
0x00007ffab5680000 - 0x00007ffab56b1000 	C:\WINDOWS\SYSTEM32\ntmarta.dll
0x000000005b7c0000 - 0x000000005b7e4000 	C:\Program Files\Java\jdk1.8.0_20\jre\bin\sunec.dll
0x00007ffab5b70000 - 0x00007ffab5c2e000 	C:\WINDOWS\SYSTEM32\DNSAPI.dll
0x00007ffaafd00000 - 0x00007ffaafd0a000 	C:\Windows\System32\rasadhlp.dll
0x00007ffab0fe0000 - 0x00007ffab1052000 	C:\WINDOWS\System32\fwpuclnt.dll
0x00007ffa9de00000 - 0x00007ffa9de16000 	C:\WINDOWS\system32\napinsp.dll
0x00007ffa9dde0000 - 0x00007ffa9ddfa000 	C:\WINDOWS\system32\pnrpnsp.dll
0x00007ffab3300000 - 0x00007ffab3319000 	C:\WINDOWS\system32\NLAapi.dll
0x00007ffa9ddd0000 - 0x00007ffa9ddde000 	C:\WINDOWS\System32\winrnr.dll
0x00007ffaa8b90000 - 0x00007ffaa8d59000 	C:\WINDOWS\SYSTEM32\dbghelp.dll

VM Arguments:
jvm_args: -XX:MaxPermSize=256m -XX:+HeapDumpOnOutOfMemoryError -Xmx1024m -Dfile.encoding=x-windows-950 -Duser.country=TW -Duser.language=zh -Duser.variant 
java_command: org.gradle.launcher.daemon.bootstrap.GradleDaemon 3.5.1
java_class_path (initial): C:\Users\Rhinohorns\.gradle\wrapper\dists\gradle-3.5.1-all\42vjebfdws9pjts3l4bouoq0p\gradle-3.5.1\lib\gradle-launcher-3.5.1.jar
Launcher Type: SUN_STANDARD

Environment Variables:
JAVA_HOME=C:\Program Files\Java\jdk1.8.0_20
CLASSPATH=D:\_Project\rnProjects\testProject\android\\gradle\wrapper\gradle-wrapper.jar
PATH=C:\Program Files (x86)\Common Files\Oracle\Java\javapath;C:\ProgramData\Oracle\Java\javapath;C:\Program Files\Common Files\Microsoft Shared\Windows Live;C:\Program Files (x86)\Common Files\Microsoft Shared\Windows Live;C:\Windows\system32;C:\Windows;C:\Windows\System32\Wbem;C:\Windows\System32\WindowsPowerShell\v1.0\;C:\Program Files (x86)\Windows Live\Shared;C:\Program Files (x86)\Intel\OpenCL SDK\2.0\bin\x86;C:\Program Files (x86)\Intel\OpenCL SDK\2.0\bin\x64;C:\Program Files (x86)\Common Files\Acronis\SnapAPI\;C:\Program Files (x86)\NVIDIA Corporation\PhysX\Common;C:\Users\Rhinohorns\AppData\Roaming\nvm;C:\WINDOWS\system32;C:\WINDOWS;C:\WINDOWS\System32\Wbem;C:\WINDOWS\System32\WindowsPowerShell\v1.0\;C:\WINDOWS\System32\OpenSSH\;d:\Program Files\Git\cmd;C:\Users\Rhinohorns\AppData\Local\Android\Sdk\tools;C:\Users\Rhinohorns\AppData\Local\Android\Sdk\platform-tools;c:\Users\Rhinohorns\AppData\Roaming\nvm;C:\Program Files\nodejs;C:\Users\Rhinohorns\AppData\Local\Android\Sdk;C:\Program Files\Java\jdk1.8.0_20;C:\Users\Rhinohorns\AppData\Local\Microsoft\WindowsApps;c:\Users\Rhinohorns\AppData\Roaming\nvm;C:\Program Files\nodejs;D:\Program Files\Microsoft VS Code\bin
USERNAME=Rhinohorns
OS=Windows_NT
PROCESSOR_IDENTIFIER=Intel64 Family 6 Model 30 Stepping 5, GenuineIntel



---------------  S Y S T E M  ---------------

OS: Windows 8.1 , 64 bit Build 9600 

CPU:total 4 (4 cores per cpu, 1 threads per core) family 6 model 30 stepping 5, cmov, cx8, fxsr, mmx, sse, sse2, sse3, ssse3, sse4.1, sse4.2, popcnt, tsc, tscinvbit

Memory: 4k page, physical 10476652k(3106184k free), swap 11525228k(3500k free)

vm_info: Java HotSpot(TM) 64-Bit Server VM (25.20-b23) for windows-amd64 JRE (1.8.0_20-b26), built on Jul 30 2014 13:51:23 by "java_re" with MS VC++ 10.0 (VS2010)

time: Thu Sep 06 23:11:53 2018
elapsed time: 17537 seconds (0d 4h 52m 17s)

